{
  "C:\\Users\\Corentin\\Desktop\\Nouveau dossier\\vitest\\unit\\ExempleVitest.spec.ts": {
    "path": "C:\\Users\\Corentin\\Desktop\\Nouveau dossier\\vitest\\unit\\ExempleVitest.spec.ts",
    "all": false,
    "statementMap": {
      "0": { "start": { "line": 1, "column": 0 }, "end": { "line": 1, "column": 45 } },
      "1": { "start": { "line": 2, "column": 0 }, "end": { "line": 2, "column": 39 } },
      "2": { "start": { "line": 3, "column": 0 }, "end": { "line": 3, "column": 58 } },
      "3": { "start": { "line": 4, "column": 0 }, "end": { "line": 4, "column": 0 } },
      "4": { "start": { "line": 5, "column": 0 }, "end": { "line": 5, "column": 37 } },
      "5": { "start": { "line": 6, "column": 0 }, "end": { "line": 6, "column": 32 } },
      "6": { "start": { "line": 7, "column": 0 }, "end": { "line": 7, "column": 76 } },
      "7": { "start": { "line": 8, "column": 0 }, "end": { "line": 8, "column": 52 } },
      "8": { "start": { "line": 9, "column": 0 }, "end": { "line": 9, "column": 4 } },
      "9": { "start": { "line": 10, "column": 0 }, "end": { "line": 10, "column": 2 } }
    },
    "s": { "0": 1, "1": 1, "2": 1, "3": 1, "4": 1, "5": 1, "6": 1, "7": 1, "8": 1, "9": 1 },
    "branchMap": {
      "0": {
        "type": "branch",
        "line": 5,
        "loc": { "start": { "line": 5, "column": 30 }, "end": { "line": 10, "column": 2 } },
        "locations": [{ "start": { "line": 5, "column": 30 }, "end": { "line": 10, "column": 2 } }]
      },
      "1": {
        "type": "branch",
        "line": 6,
        "loc": { "start": { "line": 6, "column": 25 }, "end": { "line": 9, "column": 3 } },
        "locations": [{ "start": { "line": 6, "column": 25 }, "end": { "line": 9, "column": 3 } }]
      }
    },
    "b": { "0": [1], "1": [1] },
    "fnMap": {},
    "f": {}
  }
}
